2023-05-31 16:25:46.873 [info] Log level: Info
2023-05-31 16:25:46.873 [info] Validating found git in: "git"
2023-05-31 16:25:46.873 [info] Using git "2.34.1" from "git"
2023-05-31 16:25:46.873 [info] > git rev-parse --show-toplevel [42ms]
2023-05-31 16:25:46.873 [info] fatal: not a git repository (or any of the parent directories): .git
2023-05-31 16:25:46.873 [info] > git rev-parse --show-toplevel [4ms]
2023-05-31 16:25:46.873 [info] fatal: not a git repository (or any of the parent directories): .git
2023-05-31 16:25:46.873 [info] > git rev-parse --show-toplevel [2ms]
2023-05-31 16:25:46.874 [info] fatal: not a git repository (or any of the parent directories): .git
2023-05-31 16:25:46.874 [info] > git rev-parse --show-toplevel [2ms]
2023-05-31 16:25:46.874 [info] fatal: not a git repository (or any of the parent directories): .git
2023-05-31 16:25:46.874 [info] > git rev-parse --show-toplevel [6ms]
2023-05-31 16:25:46.874 [info] fatal: not a git repository (or any of the parent directories): .git
2023-05-31 16:25:46.874 [info] > git rev-parse --show-toplevel [4ms]
2023-05-31 16:25:46.874 [info] fatal: not a git repository (or any of the parent directories): .git
2023-05-31 16:25:46.874 [info] > git rev-parse --show-toplevel [3ms]
2023-05-31 16:25:46.875 [info] fatal: not a git repository (or any of the parent directories): .git
2023-05-31 16:25:46.875 [info] > git rev-parse --show-toplevel [2ms]
2023-05-31 16:25:46.875 [info] fatal: not a git repository (or any of the parent directories): .git
2023-05-31 16:25:46.875 [info] > git rev-parse --show-toplevel [6ms]
2023-05-31 16:25:46.875 [info] fatal: not a git repository (or any of the parent directories): .git
2023-05-31 16:27:05.506 [info] > git rev-parse --show-toplevel [2ms]
2023-05-31 16:27:05.513 [info] > git rev-parse --git-dir --git-common-dir [2ms]
2023-05-31 16:27:05.528 [info] Open repository: /home/ubuntu
2023-05-31 16:27:05.542 [info] No remotes found in the git config file.
2023-05-31 16:27:05.543 [info] > git config --get commit.template [8ms]
2023-05-31 16:27:05.547 [info] > git for-each-ref --format=%(refname)%00%(upstream:short)%00%(objectname)%00%(upstream:track)%00%(upstream:remotename)%00%(upstream:remoteref) refs/heads/master refs/remotes/master [6ms]
2023-05-31 16:27:05.574 [info] > git status -z -uall [20ms]
2023-05-31 16:27:06.011 [info] > git config --get commit.template [24ms]
2023-05-31 16:27:06.047 [info] No remotes found in the git config file.
2023-05-31 16:27:06.069 [info] > git for-each-ref --format=%(refname)%00%(upstream:short)%00%(objectname)%00%(upstream:track)%00%(upstream:remotename)%00%(upstream:remoteref) refs/heads/master refs/remotes/master [23ms]
2023-05-31 16:27:06.119 [info] > git status -z -uall [45ms]
2023-05-31 16:27:06.631 [info] > git check-ignore -v -z --stdin [9ms]
2023-05-31 16:27:09.427 [info] No remotes found in the git config file.
2023-05-31 16:27:09.428 [info] > git config --get commit.template [6ms]
2023-05-31 16:27:09.430 [info] > git for-each-ref --format=%(refname)%00%(upstream:short)%00%(objectname)%00%(upstream:track)%00%(upstream:remotename)%00%(upstream:remoteref) refs/heads/master refs/remotes/master [3ms]
2023-05-31 16:27:09.451 [info] > git status -z -uall [18ms]
2023-05-31 16:27:14.503 [info] No remotes found in the git config file.
2023-05-31 16:27:14.508 [info] > git config --get commit.template [11ms]
2023-05-31 16:27:14.510 [info] > git for-each-ref --format=%(refname)%00%(upstream:short)%00%(objectname)%00%(upstream:track)%00%(upstream:remotename)%00%(upstream:remoteref) refs/heads/master refs/remotes/master [7ms]
2023-05-31 16:27:14.533 [info] > git status -z -uall [19ms]
2023-05-31 16:27:19.572 [info] No remotes found in the git config file.
2023-05-31 16:27:19.573 [info] > git config --get commit.template [6ms]
2023-05-31 16:27:19.574 [info] > git for-each-ref --format=%(refname)%00%(upstream:short)%00%(objectname)%00%(upstream:track)%00%(upstream:remotename)%00%(upstream:remoteref) refs/heads/master refs/remotes/master [2ms]
2023-05-31 16:27:19.598 [info] > git status -z -uall [20ms]
2023-05-31 16:27:24.639 [info] No remotes found in the git config file.
2023-05-31 16:27:24.640 [info] > git config --get commit.template [6ms]
2023-05-31 16:27:24.642 [info] > git for-each-ref --format=%(refname)%00%(upstream:short)%00%(objectname)%00%(upstream:track)%00%(upstream:remotename)%00%(upstream:remoteref) refs/heads/master refs/remotes/master [4ms]
2023-05-31 16:27:24.659 [info] > git status -z -uall [14ms]
2023-05-31 16:27:29.700 [info] No remotes found in the git config file.
2023-05-31 16:27:29.700 [info] > git config --get commit.template [6ms]
2023-05-31 16:27:29.702 [info] > git for-each-ref --format=%(refname)%00%(upstream:short)%00%(objectname)%00%(upstream:track)%00%(upstream:remotename)%00%(upstream:remoteref) refs/heads/master refs/remotes/master [3ms]
2023-05-31 16:27:29.721 [info] > git status -z -uall [16ms]
2023-05-31 16:27:34.760 [info] > git config --get commit.template [6ms]
2023-05-31 16:27:34.761 [info] > git for-each-ref --format=%(refname)%00%(upstream:short)%00%(objectname)%00%(upstream:track)%00%(upstream:remotename)%00%(upstream:remoteref) refs/heads/master refs/remotes/master [2ms]
2023-05-31 16:27:34.778 [info] > git status -z -uall [13ms]
2023-05-31 16:27:39.813 [info] > git config --get commit.template [6ms]
2023-05-31 16:27:39.815 [info] > git for-each-ref --format=%(refname)%00%(upstream:short)%00%(objectname)%00%(upstream:track)%00%(upstream:remotename)%00%(upstream:remoteref) refs/heads/master refs/remotes/master [3ms]
2023-05-31 16:27:39.833 [info] > git status -z -uall [14ms]
2023-05-31 16:27:40.284 [info] > git check-ignore -v -z --stdin [3ms]
2023-05-31 16:27:44.887 [info] > git config --get commit.template [6ms]
2023-05-31 16:27:44.889 [info] > git for-each-ref --format=%(refname)%00%(upstream:short)%00%(objectname)%00%(upstream:track)%00%(upstream:remotename)%00%(upstream:remoteref) refs/heads/master refs/remotes/master [3ms]
2023-05-31 16:27:44.906 [info] > git status -z -uall [14ms]
2023-05-31 16:27:49.940 [info] > git config --get commit.template [6ms]
2023-05-31 16:27:49.943 [info] > git for-each-ref --format=%(refname)%00%(upstream:short)%00%(objectname)%00%(upstream:track)%00%(upstream:remotename)%00%(upstream:remoteref) refs/heads/master refs/remotes/master [3ms]
2023-05-31 16:27:50.005 [info] > git status -z -uall [59ms]
2023-05-31 16:27:50.833 [info] > git check-ignore -v -z --stdin [2ms]
2023-05-31 16:27:55.064 [info] > git config --get commit.template [6ms]
2023-05-31 16:27:55.066 [info] > git for-each-ref --format=%(refname)%00%(upstream:short)%00%(objectname)%00%(upstream:track)%00%(upstream:remotename)%00%(upstream:remoteref) refs/heads/master refs/remotes/master [2ms]
2023-05-31 16:27:55.089 [info] > git status -z -uall [20ms]
2023-05-31 16:28:24.777 [info] > git config --get commit.template [7ms]
2023-05-31 16:28:24.779 [info] > git for-each-ref --format=%(refname)%00%(upstream:short)%00%(objectname)%00%(upstream:track)%00%(upstream:remotename)%00%(upstream:remoteref) refs/heads/master refs/remotes/master [4ms]
2023-05-31 16:28:24.802 [info] > git status -z -uall [20ms]
2023-05-31 16:29:27.217 [info] > git config --get commit.template [7ms]
2023-05-31 16:29:27.219 [info] > git for-each-ref --format=%(refname)%00%(upstream:short)%00%(objectname)%00%(upstream:track)%00%(upstream:remotename)%00%(upstream:remoteref) refs/heads/master refs/remotes/master [3ms]
2023-05-31 16:29:27.242 [info] > git status -z -uall [19ms]
2023-05-31 16:30:07.061 [info] > git config --get commit.template [6ms]
2023-05-31 16:30:07.063 [info] > git for-each-ref --format=%(refname)%00%(upstream:short)%00%(objectname)%00%(upstream:track)%00%(upstream:remotename)%00%(upstream:remoteref) refs/heads/master refs/remotes/master [3ms]
2023-05-31 16:30:07.086 [info] > git status -z -uall [20ms]
2023-05-31 16:30:44.387 [info] > git config --get commit.template [5ms]
2023-05-31 16:30:44.389 [info] > git for-each-ref --format=%(refname)%00%(upstream:short)%00%(objectname)%00%(upstream:track)%00%(upstream:remotename)%00%(upstream:remoteref) refs/heads/master refs/remotes/master [2ms]
2023-05-31 16:30:44.410 [info] > git status -z -uall [18ms]
2023-05-31 16:32:20.457 [info] > git config --get commit.template [6ms]
2023-05-31 16:32:20.459 [info] > git for-each-ref --format=%(refname)%00%(upstream:short)%00%(objectname)%00%(upstream:track)%00%(upstream:remotename)%00%(upstream:remoteref) refs/heads/master refs/remotes/master [3ms]
2023-05-31 16:32:20.485 [info] > git status -z -uall [23ms]
2023-05-31 16:32:59.118 [info] > git config --get commit.template [8ms]
2023-05-31 16:32:59.120 [info] > git for-each-ref --format=%(refname)%00%(upstream:short)%00%(objectname)%00%(upstream:track)%00%(upstream:remotename)%00%(upstream:remoteref) refs/heads/master refs/remotes/master [3ms]
2023-05-31 16:32:59.145 [info] > git status -z -uall [21ms]
2023-05-31 16:34:46.357 [info] > git config --get commit.template [7ms]
2023-05-31 16:34:46.359 [info] > git for-each-ref --format=%(refname)%00%(upstream:short)%00%(objectname)%00%(upstream:track)%00%(upstream:remotename)%00%(upstream:remoteref) refs/heads/master refs/remotes/master [2ms]
2023-05-31 16:34:46.387 [info] > git status -z -uall [25ms]
2023-05-31 16:50:15.201 [info] > git config --get commit.template [6ms]
2023-05-31 16:50:15.203 [info] > git for-each-ref --format=%(refname)%00%(upstream:short)%00%(objectname)%00%(upstream:track)%00%(upstream:remotename)%00%(upstream:remoteref) refs/heads/master refs/remotes/master [3ms]
2023-05-31 16:50:15.224 [info] > git status -z -uall [18ms]
2023-05-31 16:50:20.262 [info] > git config --get commit.template [7ms]
2023-05-31 16:50:20.265 [info] > git for-each-ref --format=%(refname)%00%(upstream:short)%00%(objectname)%00%(upstream:track)%00%(upstream:remotename)%00%(upstream:remoteref) refs/heads/master refs/remotes/master [4ms]
2023-05-31 16:50:20.288 [info] > git status -z -uall [18ms]
2023-05-31 16:50:20.610 [info] > git show --textconv :.gitignore [6ms]
2023-05-31 16:50:20.620 [info] > git ls-files --stage -- /home/ubuntu/.gitignore [10ms]
2023-05-31 16:50:20.630 [info] > git cat-file -s 7fe978f8510cbb72cf464557b00a8e72a5ce8446 [5ms]
2023-05-31 16:50:25.327 [info] > git config --get commit.template [5ms]
2023-05-31 16:50:25.328 [info] > git for-each-ref --format=%(refname)%00%(upstream:short)%00%(objectname)%00%(upstream:track)%00%(upstream:remotename)%00%(upstream:remoteref) refs/heads/master refs/remotes/master [2ms]
2023-05-31 16:50:25.349 [info] > git status -z -uall [17ms]
2023-05-31 16:50:30.436 [info] > git config --get commit.template [58ms]
2023-05-31 16:50:30.464 [info] > git for-each-ref --format=%(refname)%00%(upstream:short)%00%(objectname)%00%(upstream:track)%00%(upstream:remotename)%00%(upstream:remoteref) refs/heads/master refs/remotes/master [29ms]
2023-05-31 16:50:30.490 [info] > git status -z -uall [19ms]
2023-05-31 16:50:35.378 [info] > git check-ignore -v -z --stdin [3ms]
2023-05-31 16:50:35.523 [info] > git config --get commit.template [6ms]
2023-05-31 16:50:35.525 [info] > git for-each-ref --format=%(refname)%00%(upstream:short)%00%(objectname)%00%(upstream:track)%00%(upstream:remotename)%00%(upstream:remoteref) refs/heads/master refs/remotes/master [3ms]
2023-05-31 16:50:35.546 [info] > git status -z -uall [17ms]
2023-05-31 16:50:40.582 [info] > git config --get commit.template [6ms]
2023-05-31 16:50:40.584 [info] > git for-each-ref --format=%(refname)%00%(upstream:short)%00%(objectname)%00%(upstream:track)%00%(upstream:remotename)%00%(upstream:remoteref) refs/heads/master refs/remotes/master [3ms]
2023-05-31 16:50:40.605 [info] > git status -z -uall [18ms]
2023-05-31 16:50:42.408 [info] > git check-ignore -v -z --stdin [2ms]
2023-05-31 16:50:45.642 [info] > git config --get commit.template [6ms]
2023-05-31 16:50:45.644 [info] > git for-each-ref --format=%(refname)%00%(upstream:short)%00%(objectname)%00%(upstream:track)%00%(upstream:remotename)%00%(upstream:remoteref) refs/heads/master refs/remotes/master [3ms]
2023-05-31 16:50:45.665 [info] > git status -z -uall [17ms]
2023-05-31 16:50:49.822 [info] > git check-ignore -v -z --stdin [2ms]
2023-05-31 16:50:50.714 [info] > git config --get commit.template [7ms]
2023-05-31 16:50:50.716 [info] > git for-each-ref --format=%(refname)%00%(upstream:short)%00%(objectname)%00%(upstream:track)%00%(upstream:remotename)%00%(upstream:remoteref) refs/heads/master refs/remotes/master [2ms]
2023-05-31 16:50:50.737 [info] > git status -z -uall [18ms]
2023-05-31 16:50:54.082 [info] > git check-ignore -v -z --stdin [2ms]
2023-05-31 16:50:55.778 [info] > git config --get commit.template [5ms]
2023-05-31 16:50:55.779 [info] > git for-each-ref --format=%(refname)%00%(upstream:short)%00%(objectname)%00%(upstream:track)%00%(upstream:remotename)%00%(upstream:remoteref) refs/heads/master refs/remotes/master [2ms]
2023-05-31 16:50:55.800 [info] > git status -z -uall [17ms]
2023-05-31 16:51:00.838 [info] > git config --get commit.template [6ms]
2023-05-31 16:51:00.840 [info] > git for-each-ref --format=%(refname)%00%(upstream:short)%00%(objectname)%00%(upstream:track)%00%(upstream:remotename)%00%(upstream:remoteref) refs/heads/master refs/remotes/master [3ms]
2023-05-31 16:51:00.864 [info] > git status -z -uall [19ms]
2023-05-31 16:51:05.897 [info] > git config --get commit.template [6ms]
2023-05-31 16:51:05.899 [info] > git for-each-ref --format=%(refname)%00%(upstream:short)%00%(objectname)%00%(upstream:track)%00%(upstream:remotename)%00%(upstream:remoteref) refs/heads/master refs/remotes/master [3ms]
2023-05-31 16:51:05.920 [info] > git status -z -uall [18ms]
2023-05-31 16:51:10.980 [info] > git config --get commit.template [6ms]
2023-05-31 16:51:10.985 [info] > git for-each-ref --format=%(refname)%00%(upstream:short)%00%(objectname)%00%(upstream:track)%00%(upstream:remotename)%00%(upstream:remoteref) refs/heads/master refs/remotes/master [6ms]
2023-05-31 16:51:11.028 [info] > git status -z -uall [34ms]
2023-05-31 16:51:15.348 [info] > git ls-files --stage -- /home/ubuntu/.gitignore [2ms]
2023-05-31 16:51:15.353 [info] > git cat-file -s 2d3e42b0b645e8cbb978053df631470a5dbc4ab0 [2ms]
2023-05-31 16:51:16.071 [info] > git show --textconv :.gitignore [7ms]
2023-05-31 16:51:16.104 [info] > git config --get commit.template [32ms]
2023-05-31 16:51:16.112 [info] > git for-each-ref --format=%(refname)%00%(upstream:short)%00%(objectname)%00%(upstream:track)%00%(upstream:remotename)%00%(upstream:remoteref) refs/heads/master refs/remotes/master [3ms]
2023-05-31 16:51:16.143 [info] > git status -z -uall [27ms]
2023-05-31 16:51:21.185 [info] > git config --get commit.template [6ms]
2023-05-31 16:51:21.188 [info] > git for-each-ref --format=%(refname)%00%(upstream:short)%00%(objectname)%00%(upstream:track)%00%(upstream:remotename)%00%(upstream:remoteref) refs/heads/master refs/remotes/master [4ms]
2023-05-31 16:51:21.217 [info] > git status -z -uall [25ms]
2023-05-31 16:51:26.268 [info] > git config --get commit.template [6ms]
2023-05-31 16:51:26.270 [info] > git for-each-ref --format=%(refname)%00%(upstream:short)%00%(objectname)%00%(upstream:track)%00%(upstream:remotename)%00%(upstream:remoteref) refs/heads/master refs/remotes/master [3ms]
2023-05-31 16:51:26.296 [info] > git status -z -uall [23ms]
